<?xml version="1.0" encoding="UTF-8"?>
<!-- Generated by org.testng.reporters.JUnitXMLReporter -->
<testsuite ignored="0" hostname="NODE2469" failures="0" tests="7" name="Default test" time="8.255" errors="0" timestamp="2025-03-12T11:33:51 IST">
  <testcase classname="testcases.UserTestcase" name="createProduct" time="3.693"/>
  <testcase classname="testcases.UserTestcase" name="deleteProduct" time="0.581"/>
  <testcase classname="testcases.UserTestcase" name="getAllProducts" time="0.619"/>
  <testcase classname="testcases.UserTestcase" name="getProductByLimit" time="0.493"/>
  <testcase classname="testcases.UserTestcase" name="getProductBySorting" time="1.187"/>
  <testcase classname="testcases.UserTestcase" name="getSingleProductByID" time="0.484"/>
  <testcase classname="testcases.UserTestcase" name="updateProduct" time="0.546"/>
</testsuite> <!-- Default test -->
