<?xml version="1.0" encoding="UTF-8"?>
<!-- Generated by org.testng.reporters.JUnitXMLReporter -->
<testsuite ignored="8" hostname="NODE2469" failures="0" tests="2" name="groupingTest" time="0.056" errors="0" timestamp="2025-06-24T08:43:01 IST">
  <testcase classname="testcases.PriorityTest" name="test2" time="0.009"/>
  <testcase classname="testcases.PriorityTest" name="test3" time="0.002"/>
  <testcase classname="testcases.PriorityTest" name="a" time="0.0">
    <ignored/>
  </testcase> <!-- a -->
  <testcase classname="testcases.PriorityTest" name="b" time="0.0">
    <ignored/>
  </testcase> <!-- b -->
  <testcase classname="testcases.PriorityTest" name="c" time="0.0">
    <ignored/>
  </testcase> <!-- c -->
  <testcase classname="testcases.PriorityTest" name="lunchBrowserAndUrl" time="0.0">
    <ignored/>
  </testcase> <!-- lunchBrowserAndUrl -->
  <testcase classname="testcases.PriorityTest" name="test4" time="0.0">
    <ignored/>
  </testcase> <!-- test4 -->
  <testcase classname="testcases.PriorityTest" name="d" time="0.0">
    <ignored/>
  </testcase> <!-- d -->
  <testcase classname="testcases.PriorityTest" name="e" time="0.0">
    <ignored/>
  </testcase> <!-- e -->
  <testcase classname="testcases.PriorityTest" name="test1" time="0.0">
    <ignored/>
  </testcase> <!-- test1 -->
</testsuite> <!-- groupingTest -->
