<?xml version="1.0" encoding="UTF-8"?>
<!-- Generated by org.testng.reporters.JUnitXMLReporter -->
<testsuite ignored="0" hostname="NODE2469" failures="0" tests="6" name="Test" time="0.136" errors="0" timestamp="2025-06-24T12:13:08 IST">
  <testcase classname="testcases.Class1" name="a" time="0.011"/>
  <testcase classname="testcases.Class1" name="b" time="0.005"/>
  <testcase classname="testcases.Class1" name="c" time="0.003"/>
  <testcase classname="testcases.Class2" name="d" time="0.002"/>
  <testcase classname="testcases.Class2" name="e" time="0.005"/>
  <testcase classname="testcases.Class2" name="f" time="0.002"/>
</testsuite> <!-- Test -->
