<?xml version="1.0" encoding="UTF-8"?>
<!-- Generated by org.testng.reporters.JUnitXMLReporter -->
<testsuite ignored="0" hostname="NODE2469" failures="0" tests="7" name="Test" time="7.166" errors="0" timestamp="2025-03-12T11:34:33 IST">
  <testcase classname="testcases.UserTestcase" name="createProduct" time="2.858"/>
  <testcase classname="testcases.UserTestcase" name="deleteProduct" time="0.511"/>
  <testcase classname="testcases.UserTestcase" name="getAllProducts" time="0.48"/>
  <testcase classname="testcases.UserTestcase" name="getProductByLimit" time="0.677"/>
  <testcase classname="testcases.UserTestcase" name="getProductBySorting" time="1.123"/>
  <testcase classname="testcases.UserTestcase" name="getSingleProductByID" time="0.492"/>
  <testcase classname="testcases.UserTestcase" name="updateProduct" time="0.564"/>
</testsuite> <!-- Test -->
