<?xml version="1.0" encoding="UTF-8"?>
<!-- Generated by org.testng.reporters.JUnitXMLReporter -->
<testsuite ignored="1" hostname="NODE2469" failures="0" tests="5" name="Surefire test" time="7.145" errors="0" timestamp="2025-03-12T12:16:42 IST">
  <testcase classname="NewTest" name="createUser" time="2.41"/>
  <testcase classname="testcases.LoginTest" name="InValidCredential" time="1.691"/>
  <testcase classname="testcases.LoginTest" name="validCredential" time="0.515"/>
  <testcase classname="testcases.ProductDataDrivenTest" name="testAddNewProduct" time="1.476"/>
  <testcase classname="testcases.ProductDataDrivenTest" name="testAddNewProduct" time="1.003"/>
  <testcase classname="NewTest" name="f" time="0.0">
    <ignored/>
  </testcase> <!-- f -->
</testsuite> <!-- Surefire test -->
