<?xml version="1.0" encoding="UTF-8"?>
<testng-results ignored="1" total="6" passed="5" failed="0" skipped="0">
  <reporter-output>
  </reporter-output>
  <suite started-at="2025-03-12T12:16:35 IST" name="Surefire suite" finished-at="2025-03-12T12:16:42 IST" duration-ms="7145">
    <groups>
    </groups>
    <test started-at="2025-03-12T12:16:35 IST" name="Surefire test" finished-at="2025-03-12T12:16:42 IST" duration-ms="7145">
      <class name="NewTest">
        <test-method signature="createUser()[pri:0, instance:NewTest@78dd667e]" started-at="2025-03-12T12:16:35 IST" name="createUser" finished-at="2025-03-12T12:16:37 IST" duration-ms="2410" status="PASS">
          <reporter-output>
          </reporter-output>
        </test-method> <!-- createUser -->
      </class> <!-- NewTest -->
      <class name="testcases.ProductDataDrivenTest">
        <test-method is-config="true" signature="setUp()[pri:0, instance:testcases.ProductDataDrivenTest@501edcf1]" started-at="2025-03-12T12:16:40 IST" name="setUp" finished-at="2025-03-12T12:16:40 IST" duration-ms="1" status="PASS">
          <reporter-output>
          </reporter-output>
        </test-method> <!-- setUp -->
        <test-method signature="testAddNewProduct(java.util.Map)[pri:0, instance:testcases.ProductDataDrivenTest@501edcf1]" started-at="2025-03-12T12:16:40 IST" name="testAddNewProduct" data-provider="dp1" finished-at="2025-03-12T12:16:41 IST" duration-ms="1476" status="PASS">
          <params>
            <param index="0">
              <value>
                <![CDATA[{title=gray, price=141.22, description=test description......., category=A, image=http://www.com}]]>
              </value>
            </param>
          </params>
          <reporter-output>
          </reporter-output>
        </test-method> <!-- testAddNewProduct -->
        <test-method signature="testAddNewProduct(java.util.Map)[pri:0, instance:testcases.ProductDataDrivenTest@501edcf1]" started-at="2025-03-12T12:16:41 IST" name="testAddNewProduct" data-provider="dp1" finished-at="2025-03-12T12:16:42 IST" duration-ms="1003" status="PASS">
          <params>
            <param index="0">
              <value>
                <![CDATA[{title=tytb, price=121.22, description=test description2......., category=B, image=http://www.yahoo.com}]]>
              </value>
            </param>
          </params>
          <reporter-output>
          </reporter-output>
        </test-method> <!-- testAddNewProduct -->
      </class> <!-- testcases.ProductDataDrivenTest -->
      <class name="testcases.LoginTest">
        <test-method is-config="true" signature="setUp()[pri:0, instance:testcases.LoginTest@10db82ae]" started-at="2025-03-12T12:16:37 IST" name="setUp" finished-at="2025-03-12T12:16:37 IST" duration-ms="2" status="PASS">
          <reporter-output>
          </reporter-output>
        </test-method> <!-- setUp -->
        <test-method signature="InValidCredential()[pri:0, instance:testcases.LoginTest@10db82ae]" started-at="2025-03-12T12:16:37 IST" name="InValidCredential" finished-at="2025-03-12T12:16:39 IST" duration-ms="1691" status="PASS">
          <reporter-output>
          </reporter-output>
        </test-method> <!-- InValidCredential -->
        <test-method signature="validCredential()[pri:0, instance:testcases.LoginTest@10db82ae]" started-at="2025-03-12T12:16:39 IST" name="validCredential" finished-at="2025-03-12T12:16:40 IST" duration-ms="515" status="PASS">
          <reporter-output>
          </reporter-output>
        </test-method> <!-- validCredential -->
      </class> <!-- testcases.LoginTest -->
    </test> <!-- Surefire test -->
  </suite> <!-- Surefire suite -->
</testng-results>
