<?xml version="1.0" encoding="UTF-8"?>
<testsuite xmlns:xsi="http://www.w3.org/2001/XMLSchema-instance" xsi:noNamespaceSchemaLocation="https://maven.apache.org/surefire/maven-surefire-plugin/xsd/surefire-test-report.xsd" version="3.0.2" name="TestSuite" time="27.225" tests="5" errors="0" skipped="0" failures="0">
  <properties>
[...]
</properties>
  <testcase name="createUser" classname="NewTest" time="2.417">
    <system-out><![CDATA[HTTP/1.1 201 Created
Date: Wed, 12 Mar 2025 06:46:37 GMT
Content-Type: application/json; charset=utf-8
Content-Length: 136
Connection: keep-alive
Cf-Ray: 91f155e28f0547eb-BOM
Server: cloudflare
Report-To: {"group":"heroku-nel","max_age":3600,"endpoints":[{"url":"https://nel.heroku.com/reports?ts=1741761997&sid=c4c9725f-1ab0-44d8-820f-430df2718e11&s=3YcDXUYyhXunXPQ4Of3xncNx%2BFrol2mj%2FsHwMK8HOcQ%3D"}]}
Reporting-Endpoints: heroku-nel=https://nel.heroku.com/reports?ts=1741761997&sid=c4c9725f-1ab0-44d8-820f-430df2718e11&s=3YcDXUYyhXunXPQ4Of3xncNx%2BFrol2mj%2FsHwMK8HOcQ%3D
Nel: {"report_to":"heroku-nel","max_age":3600,"success_fraction":0.005,"failure_fraction":0.05,"response_headers":["Via"]}
X-Powered-By: Express
Access-Control-Allow-Origin: *
Etag: W/"88-cEI0uB3IOEH2Gq9GX2z4xlysuK0"
Via: 1.1 vegur
Cf-Cache-Status: DYNAMIC
server-timing: cfL4;desc="?proto=TCP&rtt=7078&min_rtt=7045&rtt_var=2709&sent=7&recv=7&lost=0&retrans=0&sent_bytes=3109&recv_bytes=894&delivery_rate=598933&cwnd=241&unsent_bytes=0&cid=37bd1170d5b2a5d3&ts=391&x=0"

{
    "id": 102,
    "email": "mukesh@gmail.com",
    "first_name": "mukesh",
    "last_name": "otwani",
    "avatar": "test2",
    "createdAt": "2025-03-12T06:46:37.445Z"
}
]]></system-out>
  </testcase>
  <testcase name="InValidCredential" classname="testcases.LoginTest" time="1.686">
    <system-out><![CDATA[1
<html>
  <body>username or password is incorrect</body>
</html>
]]></system-out>
  </testcase>
  <testcase name="validCredential" classname="testcases.LoginTest" time="0.515">
    <system-out><![CDATA[<html>
  <body>username or password is incorrect</body>
</html>
]]></system-out>
  </testcase>
  <testcase name="testAddNewProduct[{title=gray, price=141.22, description=test description......., category=A, image=http://www.com}](1)" classname="testcases.ProductDataDrivenTest" time="1.476">
    <system-out><![CDATA[1
{
    "id": 21,
    "title": "gray",
    "price": 141.22,
    "description": "test description.......",
    "image": "http://www.com",
    "category": "A"
}
21
product id while deleting new records 21
]]></system-out>
  </testcase>
  <testcase name="testAddNewProduct[{title=tytb, price=121.22, description=test description2......., category=B, image=http://www.yahoo.com}](2)" classname="testcases.ProductDataDrivenTest" time="1.003">
    <system-out><![CDATA[{
    "id": 21,
    "title": "tytb",
    "price": 121.22,
    "description": "test description2.......",
    "image": "http://www.yahoo.com",
    "category": "B"
}
21
product id while deleting new records 21
]]></system-out>
  </testcase>
</testsuite>