<?xml version="1.0" encoding="UTF-8"?>
<testng-results ignored="0" total="1" passed="1" failed="0" skipped="0">
  <reporter-output>
  </reporter-output>
  <suite started-at="2025-07-05T22:03:32 IST" name="Default suite" finished-at="2025-07-05T22:03:34 IST" duration-ms="2290">
    <groups>
    </groups>
    <test started-at="2025-07-05T22:03:32 IST" name="Default test" finished-at="2025-07-05T22:03:34 IST" duration-ms="2290">
      <class name="com.gspan.RestAssuredEx1.Test_Basic_All_In_Rest_Assured">
        <test-method signature="test_particular_itmes_inListOfItems()[pri:0, instance:com.gspan.RestAssuredEx1.Test_Basic_All_In_Rest_Assured@662ac478]" started-at="2025-07-05T22:03:32 IST" name="test_particular_itmes_inListOfItems" finished-at="2025-07-05T22:03:34 IST" duration-ms="2252" status="PASS">
          <reporter-output>
          </reporter-output>
        </test-method> <!-- test_particular_itmes_inListOfItems -->
      </class> <!-- com.gspan.RestAssuredEx1.Test_Basic_All_In_Rest_Assured -->
    </test> <!-- Default test -->
  </suite> <!-- Default suite -->
</testng-results>
