<?xml version="1.0" encoding="UTF-8"?>
<testng-results ignored="0" total="7" passed="7" failed="0" skipped="0">
  <reporter-output>
  </reporter-output>
  <suite started-at="2025-03-12T11:34:26 IST" name="Suite" finished-at="2025-03-12T11:34:33 IST" duration-ms="7166">
    <groups>
    </groups>
    <test started-at="2025-03-12T11:34:26 IST" name="Test" finished-at="2025-03-12T11:34:33 IST" duration-ms="7166">
      <class name="testcases.UserTestcase">
        <test-method is-config="true" signature="setUp()[pri:0, instance:testcases.UserTestcase@2f465398]" started-at="2025-03-12T11:34:26 IST" name="setUp" finished-at="2025-03-12T11:34:27 IST" duration-ms="406" status="PASS">
          <reporter-output>
          </reporter-output>
        </test-method> <!-- setUp -->
        <test-method signature="createProduct()[pri:0, instance:testcases.UserTestcase@2f465398]" started-at="2025-03-12T11:34:27 IST" name="createProduct" finished-at="2025-03-12T11:34:29 IST" duration-ms="2858" status="PASS">
          <reporter-output>
          </reporter-output>
        </test-method> <!-- createProduct -->
        <test-method signature="deleteProduct()[pri:0, instance:testcases.UserTestcase@2f465398]" started-at="2025-03-12T11:34:29 IST" name="deleteProduct" finished-at="2025-03-12T11:34:30 IST" duration-ms="511" status="PASS">
          <reporter-output>
          </reporter-output>
        </test-method> <!-- deleteProduct -->
        <test-method signature="getAllProducts()[pri:0, instance:testcases.UserTestcase@2f465398]" started-at="2025-03-12T11:34:30 IST" name="getAllProducts" finished-at="2025-03-12T11:34:30 IST" duration-ms="480" status="PASS">
          <reporter-output>
          </reporter-output>
        </test-method> <!-- getAllProducts -->
        <test-method signature="getProductByLimit()[pri:0, instance:testcases.UserTestcase@2f465398]" started-at="2025-03-12T11:34:30 IST" name="getProductByLimit" finished-at="2025-03-12T11:34:31 IST" duration-ms="677" status="PASS">
          <reporter-output>
          </reporter-output>
        </test-method> <!-- getProductByLimit -->
        <test-method signature="getProductBySorting()[pri:0, instance:testcases.UserTestcase@2f465398]" started-at="2025-03-12T11:34:31 IST" name="getProductBySorting" finished-at="2025-03-12T11:34:32 IST" duration-ms="1123" status="PASS">
          <reporter-output>
          </reporter-output>
        </test-method> <!-- getProductBySorting -->
        <test-method signature="getSingleProductByID()[pri:0, instance:testcases.UserTestcase@2f465398]" started-at="2025-03-12T11:34:32 IST" name="getSingleProductByID" finished-at="2025-03-12T11:34:33 IST" duration-ms="492" status="PASS">
          <reporter-output>
          </reporter-output>
        </test-method> <!-- getSingleProductByID -->
        <test-method signature="updateProduct()[pri:0, instance:testcases.UserTestcase@2f465398]" started-at="2025-03-12T11:34:33 IST" name="updateProduct" finished-at="2025-03-12T11:34:33 IST" duration-ms="564" status="PASS">
          <reporter-output>
          </reporter-output>
        </test-method> <!-- updateProduct -->
      </class> <!-- testcases.UserTestcase -->
    </test> <!-- Test -->
  </suite> <!-- Suite -->
</testng-results>
